TN:
SF:/home/ubuntu/butterfly-api-homework/src/constants.js
FNF:0
FNH:0
DA:3,1
LF:1
LH:1
BRF:0
BRH:0
end_of_record
TN:
SF:/home/ubuntu/butterfly-api-homework/src/index.js
FN:11,createApp
FN:18,(anonymous_1)
FN:28,(anonymous_2)
FN:44,(anonymous_3)
FN:70,(anonymous_4)
FN:86,(anonymous_5)
FN:110,(anonymous_6)
FN:128,(anonymous_7)
FNF:8
FNH:8
FNDA:1,createApp
FNDA:1,(anonymous_1)
FNDA:3,(anonymous_2)
FNDA:4,(anonymous_3)
FNDA:3,(anonymous_4)
FNDA:3,(anonymous_5)
FNDA:3,(anonymous_6)
FNDA:8,(anonymous_7)
DA:3,1
DA:4,1
DA:5,1
DA:6,1
DA:8,1
DA:9,1
DA:12,1
DA:13,1
DA:15,1
DA:16,1
DA:18,1
DA:19,1
DA:28,1
DA:29,3
DA:33,3
DA:34,1
DA:37,2
DA:44,1
DA:45,4
DA:46,4
DA:48,3
DA:51,1
DA:56,1
DA:60,1
DA:70,1
DA:71,3
DA:75,3
DA:76,1
DA:79,2
DA:86,1
DA:87,3
DA:88,3
DA:90,2
DA:93,1
DA:98,1
DA:102,1
DA:110,1
DA:111,3
DA:116,3
DA:117,1
DA:120,2
DA:128,1
DA:129,8
DA:130,8
DA:132,5
DA:135,3
DA:139,3
DA:140,1
DA:144,2
DA:148,2
DA:149,1
DA:153,1
DA:158,1
DA:161,0
DA:166,0
DA:169,0
DA:172,1
DA:173,1
DA:177,1
DA:182,1
DA:186,1
DA:197,1
LF:62
LH:59
BRDA:33,0,0,1
BRDA:33,0,1,2
BRDA:75,1,0,1
BRDA:75,1,1,2
BRDA:116,2,0,1
BRDA:116,2,1,2
BRDA:139,3,0,1
BRDA:139,3,1,2
BRDA:148,4,0,1
BRDA:148,4,1,1
BRDA:158,5,0,0
BRDA:158,5,1,1
BRDA:186,6,0,1
BRF:13
BRH:12
end_of_record
TN:
SF:/home/ubuntu/butterfly-api-homework/src/validators.js
FNF:0
FNH:0
DA:3,2
DA:5,2
DA:13,2
DA:24,2
DA:32,2
LF:5
LH:5
BRF:0
BRH:0
end_of_record
